Determining if the pthread_create exist failed with the following output:
Change Dir: /home/workspace/p2_ws/build/CMakeFiles/CMakeTmp

Run Build Command:"/usr/bin/make" "cmTC_82b40/fast"
/usr/bin/make -f CMakeFiles/cmTC_82b40.dir/build.make CMakeFiles/cmTC_82b40.dir/build
make[1]: Entering directory '/home/workspace/p2_ws/build/CMakeFiles/CMakeTmp'
Building C object CMakeFiles/cmTC_82b40.dir/CheckSymbolExists.c.o
/usr/bin/cc     -o CMakeFiles/cmTC_82b40.dir/CheckSymbolExists.c.o   -c /home/workspace/p2_ws/build/CMakeFiles/CMakeTmp/CheckSymbolExists.c
Linking C executable cmTC_82b40
/usr/bin/cmake -E cmake_link_script CMakeFiles/cmTC_82b40.dir/link.txt --verbose=1
/usr/bin/cc       CMakeFiles/cmTC_82b40.dir/CheckSymbolExists.c.o  -o cmTC_82b40 -rdynamic 
CMakeFiles/cmTC_82b40.dir/CheckSymbolExists.c.o: In function `main':
CheckSymbolExists.c:(.text+0x16): undefined reference to `pthread_create'
collect2: error: ld returned 1 exit status
CMakeFiles/cmTC_82b40.dir/build.make:97: recipe for target 'cmTC_82b40' failed
make[1]: *** [cmTC_82b40] Error 1
make[1]: Leaving directory '/home/workspace/p2_ws/build/CMakeFiles/CMakeTmp'
Makefile:126: recipe for target 'cmTC_82b40/fast' failed
make: *** [cmTC_82b40/fast] Error 2

File /home/workspace/p2_ws/build/CMakeFiles/CMakeTmp/CheckSymbolExists.c:
/* */
#include <pthread.h>

int main(int argc, char** argv)
{
  (void)argv;
#ifndef pthread_create
  return ((int*)(&pthread_create))[argc];
#else
  (void)argc;
  return 0;
#endif
}

Determining if the function pthread_create exists in the pthreads failed with the following output:
Change Dir: /home/workspace/p2_ws/build/CMakeFiles/CMakeTmp

Run Build Command:"/usr/bin/make" "cmTC_4e5dd/fast"
/usr/bin/make -f CMakeFiles/cmTC_4e5dd.dir/build.make CMakeFiles/cmTC_4e5dd.dir/build
make[1]: Entering directory '/home/workspace/p2_ws/build/CMakeFiles/CMakeTmp'
Building C object CMakeFiles/cmTC_4e5dd.dir/CheckFunctionExists.c.o
/usr/bin/cc    -DCHECK_FUNCTION_EXISTS=pthread_create   -o CMakeFiles/cmTC_4e5dd.dir/CheckFunctionExists.c.o   -c /usr/share/cmake-3.5/Modules/CheckFunctionExists.c
Linking C executable cmTC_4e5dd
/usr/bin/cmake -E cmake_link_script CMakeFiles/cmTC_4e5dd.dir/link.txt --verbose=1
/usr/bin/cc   -DCHECK_FUNCTION_EXISTS=pthread_create    CMakeFiles/cmTC_4e5dd.dir/CheckFunctionExists.c.o  -o cmTC_4e5dd -rdynamic -lpthreads 
/usr/bin/ld: cannot find -lpthreads
collect2: error: ld returned 1 exit status
CMakeFiles/cmTC_4e5dd.dir/build.make:97: recipe for target 'cmTC_4e5dd' failed
make[1]: *** [cmTC_4e5dd] Error 1
make[1]: Leaving directory '/home/workspace/p2_ws/build/CMakeFiles/CMakeTmp'
Makefile:126: recipe for target 'cmTC_4e5dd/fast' failed
make: *** [cmTC_4e5dd/fast] Error 2


